0 info it worked if it ends with ok
1 verbose cli [ '/usr/local/node/bin/node', '/usr/bin/npm', 'run', 'srat' ]
2 info using npm@2.15.9
3 info using node@v4.5.0
4 verbose stack Error: missing script: srat
4 verbose stack     at run (/usr/local/node/lib/node_modules/npm/lib/run-script.js:142:19)
4 verbose stack     at /usr/local/node/lib/node_modules/npm/lib/run-script.js:58:5
4 verbose stack     at /usr/local/node/lib/node_modules/npm/node_modules/read-package-json/read-json.js:356:5
4 verbose stack     at checkBinReferences_ (/usr/local/node/lib/node_modules/npm/node_modules/read-package-json/read-json.js:320:45)
4 verbose stack     at final (/usr/local/node/lib/node_modules/npm/node_modules/read-package-json/read-json.js:354:3)
4 verbose stack     at then (/usr/local/node/lib/node_modules/npm/node_modules/read-package-json/read-json.js:124:5)
4 verbose stack     at ReadFileContext.<anonymous> (/usr/local/node/lib/node_modules/npm/node_modules/read-package-json/read-json.js:308:29)
4 verbose stack     at ReadFileContext.callback (/usr/local/node/lib/node_modules/npm/node_modules/graceful-fs/graceful-fs.js:78:16)
4 verbose stack     at FSReqWrap.readFileAfterOpen [as oncomplete] (fs.js:303:13)
5 verbose cwd /home/xiaowu/yyp
6 error Linux 3.16.0-4-amd64
7 error argv "/usr/local/node/bin/node" "/usr/bin/npm" "run" "srat"
8 error node v4.5.0
9 error npm  v2.15.9
10 error missing script: srat
11 error If you need help, you may report this error at:
11 error     <https://github.com/npm/npm/issues>
12 verbose exit [ 1, true ]
